{"C:\\Users\\User\\Desktop\\ecomerce\\src\\validations\\user.validation.js": {"path":"C:\\Users\\User\\Desktop\\ecomerce\\src\\validations\\user.validation.js","statementMap":{"0":{"start":{"line":1,"column":12},"end":{"line":1,"column":26}},"1":{"start":{"line":3,"column":25},"end":{"line":8,"column":2}},"2":{"start":{"line":10,"column":24},"end":{"line":13,"column":2}},"3":{"start":{"line":15,"column":25},"end":{"line":20,"column":9}},"4":{"start":{"line":22,"column":0},"end":{"line":22,"column":73}}},"fnMap":{},"branchMap":{},"s":{"0":1,"1":1,"2":1,"3":1,"4":1},"f":{},"b":{},"_coverageSchema":"1a1c01bbd47fc00a2c39e90264f33305004495a9","hash":"86c5fe080c407133be6869b96adacc9b76b270c5"}
}
